running egg_info
writing ../build/detector/detector.egg-info/PKG-INFO
writing dependency_links to ../build/detector/detector.egg-info/dependency_links.txt
writing entry points to ../build/detector/detector.egg-info/entry_points.txt
writing requirements to ../build/detector/detector.egg-info/requires.txt
writing top-level names to ../build/detector/detector.egg-info/top_level.txt
reading manifest file '../build/detector/detector.egg-info/SOURCES.txt'
writing manifest file '../build/detector/detector.egg-info/SOURCES.txt'
running build
running build_py
copying detector/Claw2.py -> /home/kemas/ros2_ws/src/build/detector/build/lib/detector
running install
running install_lib
copying /home/kemas/ros2_ws/src/build/detector/build/lib/detector/Claw2.py -> /home/kemas/ros2_ws/src/install/detector/lib/python3.10/site-packages/detector
byte-compiling /home/kemas/ros2_ws/src/install/detector/lib/python3.10/site-packages/detector/Claw2.py to Claw2.cpython-310.pyc
running install_data
copying package.xml -> /home/kemas/ros2_ws/src/install/detector/share/detector
running install_egg_info
removing '/home/kemas/ros2_ws/src/install/detector/lib/python3.10/site-packages/detector-0.0.0-py3.10.egg-info' (and everything under it)
Copying ../build/detector/detector.egg-info to /home/kemas/ros2_ws/src/install/detector/lib/python3.10/site-packages/detector-0.0.0-py3.10.egg-info
running install_scripts
Installing Claw script to /home/kemas/ros2_ws/src/install/detector/lib/detector
Installing Claw2 script to /home/kemas/ros2_ws/src/install/detector/lib/detector
writing list of installed files to '/home/kemas/ros2_ws/src/build/detector/install.log'
