[0.590s] Invoking command in '/home/kemas/ros2_ws/src/detector': PYTHONPATH=/home/kemas/ros2_ws/src/build/detector/prefix_override:/usr/lib/python3/dist-packages/colcon_core/task/python/colcon_distutils_commands:/home/kemas/ros2_ws/src/install/detector/lib/python3.10/site-packages:${PYTHONPATH} /usr/bin/python3 -W ignore:setup.py install is deprecated -W ignore:easy_install command is deprecated setup.py egg_info --egg-base ../build/detector build --build-base /home/kemas/ros2_ws/src/build/detector/build install --record /home/kemas/ros2_ws/src/build/detector/install.log --single-version-externally-managed install_data
[0.819s] running egg_info
[0.820s] writing ../build/detector/detector.egg-info/PKG-INFO
[0.820s] writing dependency_links to ../build/detector/detector.egg-info/dependency_links.txt
[0.820s] writing entry points to ../build/detector/detector.egg-info/entry_points.txt
[0.820s] writing requirements to ../build/detector/detector.egg-info/requires.txt
[0.821s] writing top-level names to ../build/detector/detector.egg-info/top_level.txt
[0.823s] reading manifest file '../build/detector/detector.egg-info/SOURCES.txt'
[0.823s] writing manifest file '../build/detector/detector.egg-info/SOURCES.txt'
[0.824s] running build
[0.824s] running build_py
[0.824s] copying detector/Claw2.py -> /home/kemas/ros2_ws/src/build/detector/build/lib/detector
[0.824s] running install
[0.824s] running install_lib
[0.825s] copying /home/kemas/ros2_ws/src/build/detector/build/lib/detector/Claw2.py -> /home/kemas/ros2_ws/src/install/detector/lib/python3.10/site-packages/detector
[0.825s] byte-compiling /home/kemas/ros2_ws/src/install/detector/lib/python3.10/site-packages/detector/Claw2.py to Claw2.cpython-310.pyc
[0.826s] running install_data
[0.827s] copying package.xml -> /home/kemas/ros2_ws/src/install/detector/share/detector
[0.827s] running install_egg_info
[0.828s] removing '/home/kemas/ros2_ws/src/install/detector/lib/python3.10/site-packages/detector-0.0.0-py3.10.egg-info' (and everything under it)
[0.828s] Copying ../build/detector/detector.egg-info to /home/kemas/ros2_ws/src/install/detector/lib/python3.10/site-packages/detector-0.0.0-py3.10.egg-info
[0.829s] running install_scripts
[0.847s] Installing Claw script to /home/kemas/ros2_ws/src/install/detector/lib/detector
[0.847s] Installing Claw2 script to /home/kemas/ros2_ws/src/install/detector/lib/detector
[0.847s] writing list of installed files to '/home/kemas/ros2_ws/src/build/detector/install.log'
[0.880s] Invoked command in '/home/kemas/ros2_ws/src/detector' returned '0': PYTHONPATH=/home/kemas/ros2_ws/src/build/detector/prefix_override:/usr/lib/python3/dist-packages/colcon_core/task/python/colcon_distutils_commands:/home/kemas/ros2_ws/src/install/detector/lib/python3.10/site-packages:${PYTHONPATH} /usr/bin/python3 -W ignore:setup.py install is deprecated -W ignore:easy_install command is deprecated setup.py egg_info --egg-base ../build/detector build --build-base /home/kemas/ros2_ws/src/build/detector/build install --record /home/kemas/ros2_ws/src/build/detector/install.log --single-version-externally-managed install_data
