running egg_info
creating ../build/detector/detector.egg-info
writing ../build/detector/detector.egg-info/PKG-INFO
writing dependency_links to ../build/detector/detector.egg-info/dependency_links.txt
writing entry points to ../build/detector/detector.egg-info/entry_points.txt
writing requirements to ../build/detector/detector.egg-info/requires.txt
writing top-level names to ../build/detector/detector.egg-info/top_level.txt
writing manifest file '../build/detector/detector.egg-info/SOURCES.txt'
reading manifest file '../build/detector/detector.egg-info/SOURCES.txt'
writing manifest file '../build/detector/detector.egg-info/SOURCES.txt'
running build
running build_py
creating /home/kemas/ros2_ws/src/build/detector/build
creating /home/kemas/ros2_ws/src/build/detector/build/lib
creating /home/kemas/ros2_ws/src/build/detector/build/lib/detector
copying detector/__init__.py -> /home/kemas/ros2_ws/src/build/detector/build/lib/detector
running install
running install_lib
creating /home/kemas/ros2_ws/src/install/detector/lib/python3.10/site-packages/detector
copying /home/kemas/ros2_ws/src/build/detector/build/lib/detector/__init__.py -> /home/kemas/ros2_ws/src/install/detector/lib/python3.10/site-packages/detector
byte-compiling /home/kemas/ros2_ws/src/install/detector/lib/python3.10/site-packages/detector/__init__.py to __init__.cpython-310.pyc
running install_data
creating /home/kemas/ros2_ws/src/install/detector/share/ament_index
creating /home/kemas/ros2_ws/src/install/detector/share/ament_index/resource_index
creating /home/kemas/ros2_ws/src/install/detector/share/ament_index/resource_index/packages
copying resource/detector -> /home/kemas/ros2_ws/src/install/detector/share/ament_index/resource_index/packages
copying package.xml -> /home/kemas/ros2_ws/src/install/detector/share/detector
running install_egg_info
Copying ../build/detector/detector.egg-info to /home/kemas/ros2_ws/src/install/detector/lib/python3.10/site-packages/detector-0.0.0-py3.10.egg-info
running install_scripts
writing list of installed files to '/home/kemas/ros2_ws/src/build/detector/install.log'
