[0.561s] Invoking command in '/home/kemas/ros2_ws/src/detector': PYTHONPATH=/home/kemas/ros2_ws/src/build/detector/prefix_override:/usr/lib/python3/dist-packages/colcon_core/task/python/colcon_distutils_commands:/home/kemas/ros2_ws/src/install/detector/lib/python3.10/site-packages:${PYTHONPATH} /usr/bin/python3 -W ignore:setup.py install is deprecated -W ignore:easy_install command is deprecated setup.py egg_info --egg-base ../build/detector build --build-base /home/kemas/ros2_ws/src/build/detector/build install --record /home/kemas/ros2_ws/src/build/detector/install.log --single-version-externally-managed install_data
[0.765s] running egg_info
[0.765s] creating ../build/detector/detector.egg-info
[0.766s] writing ../build/detector/detector.egg-info/PKG-INFO
[0.766s] writing dependency_links to ../build/detector/detector.egg-info/dependency_links.txt
[0.766s] writing entry points to ../build/detector/detector.egg-info/entry_points.txt
[0.766s] writing requirements to ../build/detector/detector.egg-info/requires.txt
[0.766s] writing top-level names to ../build/detector/detector.egg-info/top_level.txt
[0.767s] writing manifest file '../build/detector/detector.egg-info/SOURCES.txt'
[0.768s] reading manifest file '../build/detector/detector.egg-info/SOURCES.txt'
[0.768s] writing manifest file '../build/detector/detector.egg-info/SOURCES.txt'
[0.768s] running build
[0.769s] running build_py
[0.769s] creating /home/kemas/ros2_ws/src/build/detector/build
[0.769s] creating /home/kemas/ros2_ws/src/build/detector/build/lib
[0.769s] creating /home/kemas/ros2_ws/src/build/detector/build/lib/detector
[0.769s] copying detector/__init__.py -> /home/kemas/ros2_ws/src/build/detector/build/lib/detector
[0.769s] running install
[0.769s] running install_lib
[0.770s] creating /home/kemas/ros2_ws/src/install/detector/lib/python3.10/site-packages/detector
[0.770s] copying /home/kemas/ros2_ws/src/build/detector/build/lib/detector/__init__.py -> /home/kemas/ros2_ws/src/install/detector/lib/python3.10/site-packages/detector
[0.770s] byte-compiling /home/kemas/ros2_ws/src/install/detector/lib/python3.10/site-packages/detector/__init__.py to __init__.cpython-310.pyc
[0.771s] running install_data
[0.771s] creating /home/kemas/ros2_ws/src/install/detector/share/ament_index
[0.771s] creating /home/kemas/ros2_ws/src/install/detector/share/ament_index/resource_index
[0.771s] creating /home/kemas/ros2_ws/src/install/detector/share/ament_index/resource_index/packages
[0.771s] copying resource/detector -> /home/kemas/ros2_ws/src/install/detector/share/ament_index/resource_index/packages
[0.771s] copying package.xml -> /home/kemas/ros2_ws/src/install/detector/share/detector
[0.771s] running install_egg_info
[0.773s] Copying ../build/detector/detector.egg-info to /home/kemas/ros2_ws/src/install/detector/lib/python3.10/site-packages/detector-0.0.0-py3.10.egg-info
[0.774s] running install_scripts
[0.792s] writing list of installed files to '/home/kemas/ros2_ws/src/build/detector/install.log'
[0.821s] Invoked command in '/home/kemas/ros2_ws/src/detector' returned '0': PYTHONPATH=/home/kemas/ros2_ws/src/build/detector/prefix_override:/usr/lib/python3/dist-packages/colcon_core/task/python/colcon_distutils_commands:/home/kemas/ros2_ws/src/install/detector/lib/python3.10/site-packages:${PYTHONPATH} /usr/bin/python3 -W ignore:setup.py install is deprecated -W ignore:easy_install command is deprecated setup.py egg_info --egg-base ../build/detector build --build-base /home/kemas/ros2_ws/src/build/detector/build install --record /home/kemas/ros2_ws/src/build/detector/install.log --single-version-externally-managed install_data
