running egg_info
writing ../build/detector/detector.egg-info/PKG-INFO
writing dependency_links to ../build/detector/detector.egg-info/dependency_links.txt
writing entry points to ../build/detector/detector.egg-info/entry_points.txt
writing requirements to ../build/detector/detector.egg-info/requires.txt
writing top-level names to ../build/detector/detector.egg-info/top_level.txt
reading manifest file '../build/detector/detector.egg-info/SOURCES.txt'
writing manifest file '../build/detector/detector.egg-info/SOURCES.txt'
running build
running build_py
copying detector/Claw.py -> /home/kemas/ros2_ws/src/build/detector/build/lib/detector
copying detector/Claw2.py -> /home/kemas/ros2_ws/src/build/detector/build/lib/detector
copying detector/RPO.py -> /home/kemas/ros2_ws/src/build/detector/build/lib/detector
copying detector/RPO3.py -> /home/kemas/ros2_ws/src/build/detector/build/lib/detector
copying detector/RPO2.py -> /home/kemas/ros2_ws/src/build/detector/build/lib/detector
running install
running install_lib
copying /home/kemas/ros2_ws/src/build/detector/build/lib/detector/Claw.py -> /home/kemas/ros2_ws/src/install/detector/lib/python3.10/site-packages/detector
copying /home/kemas/ros2_ws/src/build/detector/build/lib/detector/Claw2.py -> /home/kemas/ros2_ws/src/install/detector/lib/python3.10/site-packages/detector
copying /home/kemas/ros2_ws/src/build/detector/build/lib/detector/RPO.py -> /home/kemas/ros2_ws/src/install/detector/lib/python3.10/site-packages/detector
copying /home/kemas/ros2_ws/src/build/detector/build/lib/detector/RPO3.py -> /home/kemas/ros2_ws/src/install/detector/lib/python3.10/site-packages/detector
copying /home/kemas/ros2_ws/src/build/detector/build/lib/detector/RPO2.py -> /home/kemas/ros2_ws/src/install/detector/lib/python3.10/site-packages/detector
byte-compiling /home/kemas/ros2_ws/src/install/detector/lib/python3.10/site-packages/detector/Claw.py to Claw.cpython-310.pyc
byte-compiling /home/kemas/ros2_ws/src/install/detector/lib/python3.10/site-packages/detector/Claw2.py to Claw2.cpython-310.pyc
byte-compiling /home/kemas/ros2_ws/src/install/detector/lib/python3.10/site-packages/detector/RPO.py to RPO.cpython-310.pyc
byte-compiling /home/kemas/ros2_ws/src/install/detector/lib/python3.10/site-packages/detector/RPO3.py to RPO3.cpython-310.pyc
byte-compiling /home/kemas/ros2_ws/src/install/detector/lib/python3.10/site-packages/detector/RPO2.py to RPO2.cpython-310.pyc
running install_data
running install_egg_info
removing '/home/kemas/ros2_ws/src/install/detector/lib/python3.10/site-packages/detector-0.0.0-py3.10.egg-info' (and everything under it)
Copying ../build/detector/detector.egg-info to /home/kemas/ros2_ws/src/install/detector/lib/python3.10/site-packages/detector-0.0.0-py3.10.egg-info
running install_scripts
writing list of installed files to '/home/kemas/ros2_ws/src/build/detector/install.log'
