[0.634s] Invoking command in '/home/kemas/ros2_ws/src/detector': PYTHONPATH=/home/kemas/ros2_ws/src/build/detector/prefix_override:/usr/lib/python3/dist-packages/colcon_core/task/python/colcon_distutils_commands:/home/kemas/ros2_ws/src/install/detector/lib/python3.10/site-packages:${PYTHONPATH} /usr/bin/python3 -W ignore:setup.py install is deprecated -W ignore:easy_install command is deprecated setup.py egg_info --egg-base ../build/detector build --build-base /home/kemas/ros2_ws/src/build/detector/build install --record /home/kemas/ros2_ws/src/build/detector/install.log --single-version-externally-managed install_data
[0.865s] running egg_info
[0.865s] writing ../build/detector/detector.egg-info/PKG-INFO
[0.866s] writing dependency_links to ../build/detector/detector.egg-info/dependency_links.txt
[0.866s] writing entry points to ../build/detector/detector.egg-info/entry_points.txt
[0.866s] writing requirements to ../build/detector/detector.egg-info/requires.txt
[0.866s] writing top-level names to ../build/detector/detector.egg-info/top_level.txt
[0.875s] reading manifest file '../build/detector/detector.egg-info/SOURCES.txt'
[0.876s] writing manifest file '../build/detector/detector.egg-info/SOURCES.txt'
[0.876s] running build
[0.876s] running build_py
[0.876s] copying detector/Claw.py -> /home/kemas/ros2_ws/src/build/detector/build/lib/detector
[0.877s] copying detector/Claw2.py -> /home/kemas/ros2_ws/src/build/detector/build/lib/detector
[0.877s] copying detector/RPO.py -> /home/kemas/ros2_ws/src/build/detector/build/lib/detector
[0.877s] copying detector/RPO3.py -> /home/kemas/ros2_ws/src/build/detector/build/lib/detector
[0.877s] copying detector/RPO2.py -> /home/kemas/ros2_ws/src/build/detector/build/lib/detector
[0.877s] running install
[0.877s] running install_lib
[0.878s] copying /home/kemas/ros2_ws/src/build/detector/build/lib/detector/Claw.py -> /home/kemas/ros2_ws/src/install/detector/lib/python3.10/site-packages/detector
[0.878s] copying /home/kemas/ros2_ws/src/build/detector/build/lib/detector/Claw2.py -> /home/kemas/ros2_ws/src/install/detector/lib/python3.10/site-packages/detector
[0.878s] copying /home/kemas/ros2_ws/src/build/detector/build/lib/detector/RPO.py -> /home/kemas/ros2_ws/src/install/detector/lib/python3.10/site-packages/detector
[0.878s] copying /home/kemas/ros2_ws/src/build/detector/build/lib/detector/RPO3.py -> /home/kemas/ros2_ws/src/install/detector/lib/python3.10/site-packages/detector
[0.878s] copying /home/kemas/ros2_ws/src/build/detector/build/lib/detector/RPO2.py -> /home/kemas/ros2_ws/src/install/detector/lib/python3.10/site-packages/detector
[0.879s] byte-compiling /home/kemas/ros2_ws/src/install/detector/lib/python3.10/site-packages/detector/Claw.py to Claw.cpython-310.pyc
[0.879s] byte-compiling /home/kemas/ros2_ws/src/install/detector/lib/python3.10/site-packages/detector/Claw2.py to Claw2.cpython-310.pyc
[0.880s] byte-compiling /home/kemas/ros2_ws/src/install/detector/lib/python3.10/site-packages/detector/RPO.py to RPO.cpython-310.pyc
[0.880s] byte-compiling /home/kemas/ros2_ws/src/install/detector/lib/python3.10/site-packages/detector/RPO3.py to RPO3.cpython-310.pyc
[0.880s] byte-compiling /home/kemas/ros2_ws/src/install/detector/lib/python3.10/site-packages/detector/RPO2.py to RPO2.cpython-310.pyc
[0.881s] running install_data
[0.881s] running install_egg_info
[0.882s] removing '/home/kemas/ros2_ws/src/install/detector/lib/python3.10/site-packages/detector-0.0.0-py3.10.egg-info' (and everything under it)
[0.883s] Copying ../build/detector/detector.egg-info to /home/kemas/ros2_ws/src/install/detector/lib/python3.10/site-packages/detector-0.0.0-py3.10.egg-info
[0.883s] running install_scripts
[0.900s] writing list of installed files to '/home/kemas/ros2_ws/src/build/detector/install.log'
[0.931s] Invoked command in '/home/kemas/ros2_ws/src/detector' returned '0': PYTHONPATH=/home/kemas/ros2_ws/src/build/detector/prefix_override:/usr/lib/python3/dist-packages/colcon_core/task/python/colcon_distutils_commands:/home/kemas/ros2_ws/src/install/detector/lib/python3.10/site-packages:${PYTHONPATH} /usr/bin/python3 -W ignore:setup.py install is deprecated -W ignore:easy_install command is deprecated setup.py egg_info --egg-base ../build/detector build --build-base /home/kemas/ros2_ws/src/build/detector/build install --record /home/kemas/ros2_ws/src/build/detector/install.log --single-version-externally-managed install_data
