[0.120s] DEBUG:colcon:Command line arguments: ['/usr/bin/colcon', 'build']
[0.120s] DEBUG:colcon:Parsed command line arguments: Namespace(log_base=None, log_level=None, verb_name='build', build_base='build', install_base='install', merge_install=False, symlink_install=False, test_result_base=None, continue_on_error=False, executor='parallel', parallel_workers=12, event_handlers=None, ignore_user_meta=False, metas=['./colcon.meta'], base_paths=['.'], packages_ignore=None, packages_ignore_regex=None, paths=None, packages_up_to=None, packages_up_to_regex=None, packages_above=None, packages_above_and_dependencies=None, packages_above_depth=None, packages_select_by_dep=None, packages_skip_by_dep=None, packages_skip_up_to=None, packages_select_build_failed=False, packages_skip_build_finished=False, packages_select_test_failures=False, packages_skip_test_passed=False, packages_select=None, packages_skip=None, packages_select_regex=None, packages_skip_regex=None, packages_start=None, packages_end=None, allow_overriding=[], cmake_args=None, cmake_target=None, cmake_target_skip_unavailable=False, cmake_clean_cache=False, cmake_clean_first=False, cmake_force_configure=False, ament_cmake_args=None, catkin_cmake_args=None, catkin_skip_building_tests=False, mixin_files=None, mixin=None, verb_parser=<colcon_mixin.mixin.mixin_argument.MixinArgumentDecorator object at 0x7e50ee736d70>, verb_extension=<colcon_core.verb.build.BuildVerb object at 0x7e50ee736770>, main=<bound method BuildVerb.main of <colcon_core.verb.build.BuildVerb object at 0x7e50ee736770>>, mixin_verb=('build',))
[0.319s] Level 1:colcon.colcon_core.package_discovery:discover_packages(colcon_meta) check parameters
[0.319s] Level 1:colcon.colcon_core.package_discovery:discover_packages(recursive) check parameters
[0.319s] Level 1:colcon.colcon_core.package_discovery:discover_packages(ignore) check parameters
[0.319s] Level 1:colcon.colcon_core.package_discovery:discover_packages(path) check parameters
[0.319s] Level 1:colcon.colcon_core.package_discovery:discover_packages(colcon_meta) discover
[0.320s] Level 1:colcon.colcon_core.package_discovery:discover_packages(recursive) discover
[0.320s] INFO:colcon.colcon_core.package_discovery:Crawling recursively for packages in '/home/kemas/ros2_ws/src'
[0.320s] Level 1:colcon.colcon_core.package_identification:_identify(.) by extensions ['ignore', 'ignore_ament_install']
[0.320s] Level 1:colcon.colcon_core.package_identification:_identify(.) by extension 'ignore'
[0.320s] Level 1:colcon.colcon_core.package_identification:_identify(.) by extension 'ignore_ament_install'
[0.320s] Level 1:colcon.colcon_core.package_identification:_identify(.) by extensions ['colcon_pkg']
[0.320s] Level 1:colcon.colcon_core.package_identification:_identify(.) by extension 'colcon_pkg'
[0.320s] Level 1:colcon.colcon_core.package_identification:_identify(.) by extensions ['colcon_meta']
[0.320s] Level 1:colcon.colcon_core.package_identification:_identify(.) by extension 'colcon_meta'
[0.320s] Level 1:colcon.colcon_core.package_identification:_identify(.) by extensions ['ros']
[0.320s] Level 1:colcon.colcon_core.package_identification:_identify(.) by extension 'ros'
[0.331s] Level 1:colcon.colcon_core.package_identification:_identify(.) by extensions ['cmake', 'python']
[0.331s] Level 1:colcon.colcon_core.package_identification:_identify(.) by extension 'cmake'
[0.331s] Level 1:colcon.colcon_core.package_identification:_identify(.) by extension 'python'
[0.331s] Level 1:colcon.colcon_core.package_identification:_identify(.) by extensions ['python_setup_py']
[0.331s] Level 1:colcon.colcon_core.package_identification:_identify(.) by extension 'python_setup_py'
[0.331s] Level 1:colcon.colcon_core.package_identification:_identify(build) by extensions ['ignore', 'ignore_ament_install']
[0.332s] Level 1:colcon.colcon_core.package_identification:_identify(build) by extension 'ignore'
[0.332s] Level 1:colcon.colcon_core.package_identification:_identify(build) ignored
[0.332s] Level 1:colcon.colcon_core.package_identification:_identify(detector) by extensions ['ignore', 'ignore_ament_install']
[0.332s] Level 1:colcon.colcon_core.package_identification:_identify(detector) by extension 'ignore'
[0.332s] Level 1:colcon.colcon_core.package_identification:_identify(detector) by extension 'ignore_ament_install'
[0.332s] Level 1:colcon.colcon_core.package_identification:_identify(detector) by extensions ['colcon_pkg']
[0.332s] Level 1:colcon.colcon_core.package_identification:_identify(detector) by extension 'colcon_pkg'
[0.332s] Level 1:colcon.colcon_core.package_identification:_identify(detector) by extensions ['colcon_meta']
[0.332s] Level 1:colcon.colcon_core.package_identification:_identify(detector) by extension 'colcon_meta'
[0.332s] Level 1:colcon.colcon_core.package_identification:_identify(detector) by extensions ['ros']
[0.332s] Level 1:colcon.colcon_core.package_identification:_identify(detector) by extension 'ros'
[0.334s] DEBUG:colcon.colcon_core.package_identification:Package 'detector' with type 'ros.ament_python' and name 'detector'
[0.335s] Level 1:colcon.colcon_core.package_identification:_identify(install) by extensions ['ignore', 'ignore_ament_install']
[0.335s] Level 1:colcon.colcon_core.package_identification:_identify(install) by extension 'ignore'
[0.335s] Level 1:colcon.colcon_core.package_identification:_identify(install) ignored
[0.335s] Level 1:colcon.colcon_core.package_identification:_identify(log) by extensions ['ignore', 'ignore_ament_install']
[0.335s] Level 1:colcon.colcon_core.package_identification:_identify(log) by extension 'ignore'
[0.335s] Level 1:colcon.colcon_core.package_identification:_identify(log) ignored
[0.335s] Level 1:colcon.colcon_core.package_discovery:discover_packages(recursive) using defaults
[0.335s] Level 1:colcon.colcon_core.package_discovery:discover_packages(ignore) discover
[0.335s] Level 1:colcon.colcon_core.package_discovery:discover_packages(ignore) using defaults
[0.335s] Level 1:colcon.colcon_core.package_discovery:discover_packages(path) discover
[0.335s] Level 1:colcon.colcon_core.package_discovery:discover_packages(path) using defaults
[0.365s] Level 1:colcon.colcon_core.package_discovery:discover_packages(prefix_path) check parameters
[0.365s] Level 1:colcon.colcon_core.package_discovery:discover_packages(prefix_path) discover
[0.366s] DEBUG:colcon.colcon_installed_package_information.package_discovery:Found 0 installed packages in /home/kemas/ros2_ws/install
[0.368s] DEBUG:colcon.colcon_installed_package_information.package_discovery:Found 270 installed packages in /opt/ros/humble
[0.369s] Level 1:colcon.colcon_core.package_discovery:discover_packages(prefix_path) using defaults
[0.399s] Level 5:colcon.colcon_core.verb:set package 'detector' build argument 'cmake_args' from command line to 'None'
[0.400s] Level 5:colcon.colcon_core.verb:set package 'detector' build argument 'cmake_target' from command line to 'None'
[0.400s] Level 5:colcon.colcon_core.verb:set package 'detector' build argument 'cmake_target_skip_unavailable' from command line to 'False'
[0.400s] Level 5:colcon.colcon_core.verb:set package 'detector' build argument 'cmake_clean_cache' from command line to 'False'
[0.400s] Level 5:colcon.colcon_core.verb:set package 'detector' build argument 'cmake_clean_first' from command line to 'False'
[0.400s] Level 5:colcon.colcon_core.verb:set package 'detector' build argument 'cmake_force_configure' from command line to 'False'
[0.400s] Level 5:colcon.colcon_core.verb:set package 'detector' build argument 'ament_cmake_args' from command line to 'None'
[0.400s] Level 5:colcon.colcon_core.verb:set package 'detector' build argument 'catkin_cmake_args' from command line to 'None'
[0.400s] Level 5:colcon.colcon_core.verb:set package 'detector' build argument 'catkin_skip_building_tests' from command line to 'False'
[0.400s] DEBUG:colcon.colcon_core.verb:Building package 'detector' with the following arguments: {'ament_cmake_args': None, 'build_base': '/home/kemas/ros2_ws/src/build/detector', 'catkin_cmake_args': None, 'catkin_skip_building_tests': False, 'cmake_args': None, 'cmake_clean_cache': False, 'cmake_clean_first': False, 'cmake_force_configure': False, 'cmake_target': None, 'cmake_target_skip_unavailable': False, 'install_base': '/home/kemas/ros2_ws/src/install/detector', 'merge_install': False, 'path': '/home/kemas/ros2_ws/src/detector', 'symlink_install': False, 'test_result_base': None}
[0.400s] INFO:colcon.colcon_core.executor:Executing jobs using 'parallel' executor
[0.401s] DEBUG:colcon.colcon_parallel_executor.executor.parallel:run_until_complete
[0.401s] INFO:colcon.colcon_ros.task.ament_python.build:Building ROS package in '/home/kemas/ros2_ws/src/detector' with build type 'ament_python'
[0.401s] Level 1:colcon.colcon_core.shell:create_environment_hook('detector', 'ament_prefix_path')
[0.404s] INFO:colcon.colcon_core.plugin_system:Skipping extension 'colcon_core.shell.bat': Not used on non-Windows systems
[0.404s] INFO:colcon.colcon_core.shell:Creating environment hook '/home/kemas/ros2_ws/src/install/detector/share/detector/hook/ament_prefix_path.ps1'
[0.405s] INFO:colcon.colcon_core.shell:Creating environment descriptor '/home/kemas/ros2_ws/src/install/detector/share/detector/hook/ament_prefix_path.dsv'
[0.405s] INFO:colcon.colcon_core.shell:Creating environment hook '/home/kemas/ros2_ws/src/install/detector/share/detector/hook/ament_prefix_path.sh'
[0.406s] INFO:colcon.colcon_core.shell:Skip shell extension 'powershell' for command environment: Not usable outside of PowerShell
[0.406s] DEBUG:colcon.colcon_core.shell:Skip shell extension 'dsv' for command environment
[0.653s] INFO:colcon.colcon_core.task.python.build:Building Python package in '/home/kemas/ros2_ws/src/detector'
[0.653s] INFO:colcon.colcon_core.shell:Skip shell extension 'powershell' for command environment: Not usable outside of PowerShell
[0.654s] DEBUG:colcon.colcon_core.shell:Skip shell extension 'dsv' for command environment
[1.037s] DEBUG:colcon.colcon_core.event_handler.log_command:Invoking command in '/home/kemas/ros2_ws/src/detector': PYTHONPATH=/home/kemas/ros2_ws/src/build/detector/prefix_override:/usr/lib/python3/dist-packages/colcon_core/task/python/colcon_distutils_commands:/home/kemas/ros2_ws/src/install/detector/lib/python3.10/site-packages:${PYTHONPATH} /usr/bin/python3 -W ignore:setup.py install is deprecated -W ignore:easy_install command is deprecated setup.py egg_info --egg-base ../build/detector build --build-base /home/kemas/ros2_ws/src/build/detector/build install --record /home/kemas/ros2_ws/src/build/detector/install.log --single-version-externally-managed install_data
[1.334s] DEBUG:colcon.colcon_core.event_handler.log_command:Invoked command in '/home/kemas/ros2_ws/src/detector' returned '0': PYTHONPATH=/home/kemas/ros2_ws/src/build/detector/prefix_override:/usr/lib/python3/dist-packages/colcon_core/task/python/colcon_distutils_commands:/home/kemas/ros2_ws/src/install/detector/lib/python3.10/site-packages:${PYTHONPATH} /usr/bin/python3 -W ignore:setup.py install is deprecated -W ignore:easy_install command is deprecated setup.py egg_info --egg-base ../build/detector build --build-base /home/kemas/ros2_ws/src/build/detector/build install --record /home/kemas/ros2_ws/src/build/detector/install.log --single-version-externally-managed install_data
[1.338s] Level 1:colcon.colcon_core.environment:checking '/home/kemas/ros2_ws/src/install/detector' for CMake module files
[1.338s] Level 1:colcon.colcon_core.environment:checking '/home/kemas/ros2_ws/src/install/detector' for CMake config files
[1.339s] Level 1:colcon.colcon_core.environment:checking '/home/kemas/ros2_ws/src/install/detector/lib'
[1.339s] Level 1:colcon.colcon_core.environment:checking '/home/kemas/ros2_ws/src/install/detector/bin'
[1.339s] Level 1:colcon.colcon_core.environment:checking '/home/kemas/ros2_ws/src/install/detector/lib/pkgconfig/detector.pc'
[1.339s] Level 1:colcon.colcon_core.environment:checking '/home/kemas/ros2_ws/src/install/detector/lib/python3.10/site-packages'
[1.339s] Level 1:colcon.colcon_core.shell:create_environment_hook('detector', 'pythonpath')
[1.340s] INFO:colcon.colcon_core.shell:Creating environment hook '/home/kemas/ros2_ws/src/install/detector/share/detector/hook/pythonpath.ps1'
[1.340s] INFO:colcon.colcon_core.shell:Creating environment descriptor '/home/kemas/ros2_ws/src/install/detector/share/detector/hook/pythonpath.dsv'
[1.340s] INFO:colcon.colcon_core.shell:Creating environment hook '/home/kemas/ros2_ws/src/install/detector/share/detector/hook/pythonpath.sh'
[1.341s] Level 1:colcon.colcon_core.environment:checking '/home/kemas/ros2_ws/src/install/detector/bin'
[1.341s] Level 1:colcon.colcon_core.environment:create_environment_scripts_only(detector)
[1.341s] INFO:colcon.colcon_core.shell:Creating package script '/home/kemas/ros2_ws/src/install/detector/share/detector/package.ps1'
[1.342s] INFO:colcon.colcon_core.shell:Creating package descriptor '/home/kemas/ros2_ws/src/install/detector/share/detector/package.dsv'
[1.342s] INFO:colcon.colcon_core.shell:Creating package script '/home/kemas/ros2_ws/src/install/detector/share/detector/package.sh'
[1.343s] INFO:colcon.colcon_core.shell:Creating package script '/home/kemas/ros2_ws/src/install/detector/share/detector/package.bash'
[1.344s] INFO:colcon.colcon_core.shell:Creating package script '/home/kemas/ros2_ws/src/install/detector/share/detector/package.zsh'
[1.344s] Level 1:colcon.colcon_core.environment:create_file_with_runtime_dependencies(/home/kemas/ros2_ws/src/install/detector/share/colcon-core/packages/detector)
[1.344s] DEBUG:colcon.colcon_parallel_executor.executor.parallel:closing loop
[1.345s] DEBUG:colcon.colcon_parallel_executor.executor.parallel:loop closed
[1.345s] DEBUG:colcon.colcon_parallel_executor.executor.parallel:run_until_complete finished with '0'
[1.345s] DEBUG:colcon.colcon_core.event_reactor:joining thread
[1.355s] INFO:colcon.colcon_core.plugin_system:Skipping extension 'colcon_notification.desktop_notification.terminal_notifier': Not used on non-Darwin systems
[1.355s] INFO:colcon.colcon_core.plugin_system:Skipping extension 'colcon_notification.desktop_notification.win32': Not used on non-Windows systems
[1.355s] INFO:colcon.colcon_notification.desktop_notification:Sending desktop notification using 'notify2'
[1.386s] DEBUG:colcon.colcon_core.event_reactor:joined thread
[1.387s] INFO:colcon.colcon_core.shell:Creating prefix script '/home/kemas/ros2_ws/src/install/local_setup.ps1'
[1.389s] INFO:colcon.colcon_core.shell:Creating prefix util module '/home/kemas/ros2_ws/src/install/_local_setup_util_ps1.py'
[1.393s] INFO:colcon.colcon_core.shell:Creating prefix chain script '/home/kemas/ros2_ws/src/install/setup.ps1'
[1.395s] INFO:colcon.colcon_core.shell:Creating prefix script '/home/kemas/ros2_ws/src/install/local_setup.sh'
[1.397s] INFO:colcon.colcon_core.shell:Creating prefix util module '/home/kemas/ros2_ws/src/install/_local_setup_util_sh.py'
[1.398s] INFO:colcon.colcon_core.shell:Creating prefix chain script '/home/kemas/ros2_ws/src/install/setup.sh'
[1.401s] INFO:colcon.colcon_core.shell:Creating prefix script '/home/kemas/ros2_ws/src/install/local_setup.bash'
[1.403s] INFO:colcon.colcon_core.shell:Creating prefix chain script '/home/kemas/ros2_ws/src/install/setup.bash'
[1.405s] INFO:colcon.colcon_core.shell:Creating prefix script '/home/kemas/ros2_ws/src/install/local_setup.zsh'
[1.407s] INFO:colcon.colcon_core.shell:Creating prefix chain script '/home/kemas/ros2_ws/src/install/setup.zsh'
